<?xml version="1.0" encoding="UTF-8"?>
<testsuite xmlns:xsi="http://www.w3.org/2001/XMLSchema-instance" xsi:noNamespaceSchemaLocation="https://maven.apache.org/surefire/maven-surefire-plugin/xsd/surefire-test-report.xsd" name="org.pcap4j.test.packet.IcmpV4DestinationUnreachablePacketTest" time="0.008" tests="7" errors="0" skipped="0" failures="0">
  <properties>
[...]
</properties>
  <testcase name="testNewPacket" classname="org.pcap4j.test.packet.IcmpV4DestinationUnreachablePacketTest" time="0"/>
  <testcase name="testGetHeader" classname="org.pcap4j.test.packet.IcmpV4DestinationUnreachablePacketTest" time="0"/>
  <testcase name="testDump" classname="org.pcap4j.test.packet.IcmpV4DestinationUnreachablePacketTest" time="0"/>
  <testcase name="testLength" classname="org.pcap4j.test.packet.IcmpV4DestinationUnreachablePacketTest" time="0"/>
  <testcase name="testWriteRead" classname="org.pcap4j.test.packet.IcmpV4DestinationUnreachablePacketTest" time="0"/>
  <testcase name="testGetBuilder" classname="org.pcap4j.test.packet.IcmpV4DestinationUnreachablePacketTest" time="0.001"/>
  <testcase name="testToString" classname="org.pcap4j.test.packet.IcmpV4DestinationUnreachablePacketTest" time="0"/>
</testsuite>